2025-11-02T13:14:03: PM2 log: ===============================================================================
2025-11-02T13:14:03: PM2 log: --- New PM2 Daemon started ----------------------------------------------------
2025-11-02T13:14:03: PM2 log: Time                 : Sun Nov 02 2025 13:14:03 GMT+0100 (Mitteleuropäische Normalzeit)
2025-11-02T13:14:03: PM2 log: PM2 version          : 6.0.10
2025-11-02T13:14:03: PM2 log: Node.js version      : 20.19.5
2025-11-02T13:14:03: PM2 log: Current arch         : x64
2025-11-02T13:14:03: PM2 log: PM2 home             : /var/www/htwd_test/.pm2
2025-11-02T13:14:03: PM2 log: PM2 PID file         : /var/www/htwd_test/.pm2/pm2.pid
2025-11-02T13:14:03: PM2 log: RPC socket file      : /var/www/htwd_test/.pm2/rpc.sock
2025-11-02T13:14:03: PM2 log: BUS socket file      : /var/www/htwd_test/.pm2/pub.sock
2025-11-02T13:14:03: PM2 log: Application log path : /var/www/htwd_test/.pm2/logs
2025-11-02T13:14:03: PM2 log: Worker Interval      : 30000
2025-11-02T13:14:03: PM2 log: Process dump file    : /var/www/htwd_test/.pm2/dump.pm2
2025-11-02T13:14:03: PM2 log: Concurrent actions   : 2
2025-11-02T13:14:03: PM2 log: SIGTERM timeout      : 1600
2025-11-02T13:14:03: PM2 log: Runtime Binary       : /usr/bin/node
2025-11-02T13:14:03: PM2 log: ===============================================================================
2025-11-02T13:14:03: PM2 log: [Watch] Start watching htw
2025-11-02T13:14:03: PM2 log: App [htw:0] starting in -fork mode-
2025-11-02T13:14:03: PM2 log: App [htw:0] online
2025-11-02T13:26:53: PM2 log: Change detected on path .env for app htw - restarting
2025-11-02T13:26:55: PM2 log: Stopping app:htw id:0
2025-11-02T13:26:55: PM2 log: App [htw:0] exited with code [0] via signal [SIGINT]
2025-11-02T13:26:55: PM2 log: pid=3642978 msg=process killed
2025-11-02T13:26:55: PM2 log: App [htw:0] starting in -fork mode-
2025-11-02T13:26:55: PM2 log: App [htw:0] online
2025-11-02T13:27:04: PM2 log: Stopping app:htw id:0
2025-11-02T13:27:05: PM2 log: App [htw:0] exited with code [0] via signal [SIGINT]
2025-11-02T13:27:05: PM2 log: pid=3723302 msg=process killed
2025-11-02T13:27:05: PM2 log: App [htw:0] starting in -fork mode-
2025-11-02T13:27:05: PM2 log: App [htw:0] online
2025-11-02T13:27:13: PM2 log: Stopping app:htw id:0
2025-11-02T13:27:13: PM2 log: App [htw:0] exited with code [0] via signal [SIGINT]
2025-11-02T13:27:13: PM2 log: pid=3724272 msg=process killed
2025-11-02T13:27:13: PM2 log: App [htw:0] starting in -fork mode-
2025-11-02T13:27:13: PM2 log: App [htw:0] online
2025-11-02T13:30:21: PM2 log: Stopping app:htw id:0
2025-11-02T13:30:21: PM2 log: App [htw:0] exited with code [0] via signal [SIGINT]
2025-11-02T13:30:21: PM2 log: pid=3725116 msg=process killed
2025-11-02T13:30:21: PM2 log: App [htw:0] starting in -fork mode-
2025-11-02T13:30:21: PM2 log: App [htw:0] online
2025-11-02T13:33:49: PM2 log: Change detected on path .env for app htw - restarting
2025-11-02T13:33:51: PM2 log: Stopping app:htw id:0
2025-11-02T13:33:52: PM2 log: App [htw:0] exited with code [0] via signal [SIGINT]
2025-11-02T13:33:52: PM2 log: pid=3744649 msg=process killed
2025-11-02T13:33:52: PM2 log: App [htw:0] starting in -fork mode-
2025-11-02T13:33:52: PM2 log: App [htw:0] online
2025-11-02T13:34:01: PM2 log: Stopping app:htw id:0
2025-11-02T13:34:01: PM2 log: App [htw:0] exited with code [0] via signal [SIGINT]
2025-11-02T13:34:01: PM2 log: pid=3762457 msg=process killed
2025-11-02T13:34:01: PM2 log: App [htw:0] starting in -fork mode-
2025-11-02T13:34:01: PM2 log: App [htw:0] online
2025-11-03T13:14:04: PM2 log: [PM2] This PM2 is not UP TO DATE
2025-11-03T13:14:04: PM2 log: [PM2] Upgrade to version 6.0.13
2025-11-04T13:14:04: PM2 log: [PM2] This PM2 is not UP TO DATE
2025-11-04T13:14:04: PM2 log: [PM2] Upgrade to version 6.0.13
2025-11-04T22:20:15: PM2 log: App [htw:0] exited with code [0] via signal [SIGINT]
2025-11-04T22:20:20: PM2 log: App [htw:0] starting in -fork mode-
2025-11-04T22:20:20: PM2 error: Trace: [Error: ENOENT: no such file or directory, open '/var/www/htwd_test/.pm2/logs/htw-out.log'] {
  errno: -2,
  code: 'ENOENT',
  syscall: 'open',
  path: '/var/www/htwd_test/.pm2/logs/htw-out.log'
}
    at God.logAndGenerateError (/usr/lib/node_modules/pm2/lib/God/Methods.js:34:15)
    at /usr/lib/node_modules/pm2/lib/God/ForkMode.js:91:13
    at wrapper (/usr/lib/node_modules/pm2/node_modules/async/internal/once.js:12:16)
    at WriteStream.next (/usr/lib/node_modules/pm2/node_modules/async/waterfall.js:96:20)
    at WriteStream.<anonymous> (/usr/lib/node_modules/pm2/node_modules/async/internal/onlyOnce.js:12:16)
    at Object.onceWrapper (node:events:639:26)
    at WriteStream.emit (node:events:524:28)
    at WriteStream.emit (node:domain:489:12)
    at emitErrorNT (node:internal/streams/destroy:169:8)
    at emitErrorCloseNT (node:internal/streams/destroy:128:3)
2025-11-04T22:27:38: PM2 log: pm2 has been killed by signal, dumping process list before exit...
2025-11-04T22:27:38: PM2 error: Error: ENOENT: no such file or directory, open '/var/www/htwd_test/.pm2/dump.pm2'
    at Object.writeFileSync (node:fs:2368:20)
    at fin (/usr/lib/node_modules/pm2/lib/God/ActionMethods.js:168:12)
    at saveProc (/usr/lib/node_modules/pm2/lib/God/ActionMethods.js:188:16)
    at saveProc (/usr/lib/node_modules/pm2/lib/God/ActionMethods.js:195:14)
    at God.dumpProcessList (/usr/lib/node_modules/pm2/lib/God/ActionMethods.js:197:5)
    at Daemon.gracefullExit (/usr/lib/node_modules/pm2/lib/Daemon.js:344:7)
    at process.emit (node:events:524:28)
    at process.emit (node:domain:489:12)
    at Signal.callbackTrampoline (node:internal/async_hooks:130:17)
2025-11-04T22:27:38: PM2 log: Deleting process 0
2025-11-04T22:27:38: PM2 log: Stopping app:htw id:0
2025-11-04T22:27:39: PM2 log: pid=3763407 msg=process killed
2025-11-04T22:27:39: PM2 log: Exited peacefully
